Using pre-set license
Built from '2021.3/staging' branch; Version is '2021.3.8f1 (b30333d56e81) revision 11731763'; Using compiler version '192829333'; Build Type 'Release'
OS: 'Windows 11  (10.0.26100) 64bit Core' Language: 'en' Physical Memory: 16197 MB
BatchMode: 1, IsHumanControllingUs: 0, StartBugReporterOnCrash: 0, Is64bit: 1, IsPro: 1

COMMAND LINE ARGUMENTS:
C:\Program Files\Unity\Hub\Editor\2021.3.8f1\Editor\Unity.exe
-adb2
-batchMode
-noUpm
-name
AssetImportWorker0
-projectPath
D:/Games_Created/patch it remaster
-logFile
Logs/AssetImportWorker0.log
-srvPort
57547
Successfully changed project path to: D:/Games_Created/patch it remaster
D:/Games_Created/patch it remaster
[UnityMemory] Configuration Parameters - Can be set up in boot.config
    "memorysetup-bucket-allocator-granularity=16"
    "memorysetup-bucket-allocator-bucket-count=8"
    "memorysetup-bucket-allocator-block-size=33554432"
    "memorysetup-bucket-allocator-block-count=8"
    "memorysetup-main-allocator-block-size=16777216"
    "memorysetup-thread-allocator-block-size=16777216"
    "memorysetup-gfx-main-allocator-block-size=16777216"
    "memorysetup-gfx-thread-allocator-block-size=16777216"
    "memorysetup-cache-allocator-block-size=4194304"
    "memorysetup-typetree-allocator-block-size=2097152"
    "memorysetup-profiler-bucket-allocator-granularity=16"
    "memorysetup-profiler-bucket-allocator-bucket-count=8"
    "memorysetup-profiler-bucket-allocator-block-size=33554432"
    "memorysetup-profiler-bucket-allocator-block-count=8"
    "memorysetup-profiler-allocator-block-size=16777216"
    "memorysetup-profiler-editor-allocator-block-size=1048576"
    "memorysetup-temp-allocator-size-main=16777216"
    "memorysetup-job-temp-allocator-block-size=2097152"
    "memorysetup-job-temp-allocator-block-size-background=1048576"
    "memorysetup-job-temp-allocator-reduction-small-platforms=262144"
    "memorysetup-temp-allocator-size-background-worker=32768"
    "memorysetup-temp-allocator-size-job-worker=262144"
    "memorysetup-temp-allocator-size-preload-manager=33554432"
    "memorysetup-temp-allocator-size-nav-mesh-worker=65536"
    "memorysetup-temp-allocator-size-audio-worker=65536"
    "memorysetup-temp-allocator-size-cloud-worker=32768"
    "memorysetup-temp-allocator-size-gi-baking-worker=262144"
    "memorysetup-temp-allocator-size-gfx=262144"
Refreshing native plugins compatible for Editor in 77.53 ms, found 4 plugins.
Preloading 0 native plugins for Editor in 0.00 ms.
Initialize engine version: 2021.3.8f1 (b30333d56e81)
[Subsystems] Discovering subsystems at path C:/Program Files/Unity/Hub/Editor/2021.3.8f1/Editor/Data/Resources/UnitySubsystems
[Subsystems] Discovering subsystems at path D:/Games_Created/patch it remaster/Assets
GfxDevice: creating device client; threaded=0; jobified=0
Direct3D:
    Version:  Direct3D 11.0 [level 11.1]
    Renderer: NVIDIA GeForce RTX 4060 (ID=0x2882)
    Vendor:   NVIDIA
    VRAM:     7957 MB
    Driver:   32.0.15.6094
Initialize mono
Mono path[0] = 'C:/Program Files/Unity/Hub/Editor/2021.3.8f1/Editor/Data/Managed'
Mono path[1] = 'C:/Program Files/Unity/Hub/Editor/2021.3.8f1/Editor/Data/MonoBleedingEdge/lib/mono/unityjit-win32'
Mono config path = 'C:/Program Files/Unity/Hub/Editor/2021.3.8f1/Editor/Data/MonoBleedingEdge/etc'
Using monoOptions --debugger-agent=transport=dt_socket,embedding=1,server=y,suspend=n,address=127.0.0.1:56968
Begin MonoManager ReloadAssembly
Registering precompiled unity dll's ...
Register platform support module: C:/Program Files/Unity/Hub/Editor/2021.3.8f1/Editor/Data/PlaybackEngines/WindowsStandaloneSupport/UnityEditor.WindowsStandalone.Extensions.dll
Registered in 0.002599 seconds.
Native extension for WindowsStandalone target not found
Refreshing native plugins compatible for Editor in 75.93 ms, found 4 plugins.
Preloading 0 native plugins for Editor in 0.00 ms.
Mono: successfully reloaded assembly
- Completed reload, in  0.436 seconds
Domain Reload Profiling:
	ReloadAssembly (436ms)
		BeginReloadAssembly (48ms)
			ExecutionOrderSort (0ms)
			DisableScriptedObjects (0ms)
			BackupInstance (0ms)
			ReleaseScriptingObjects (0ms)
			CreateAndSetChildDomain (1ms)
		EndReloadAssembly (320ms)
			LoadAssemblies (46ms)
			RebuildTransferFunctionScriptingTraits (0ms)
			SetupTypeCache (64ms)
			ReleaseScriptCaches (0ms)
			RebuildScriptCaches (17ms)
			SetupLoadedEditorAssemblies (204ms)
				LogAssemblyErrors (0ms)
				InitializePlatformSupportModulesInManaged (5ms)
				SetLoadedEditorAssemblies (0ms)
				RefreshPlugins (76ms)
				BeforeProcessingInitializeOnLoad (1ms)
				ProcessInitializeOnLoadAttributes (92ms)
				ProcessInitializeOnLoadMethodAttributes (30ms)
				AfterProcessingInitializeOnLoad (0ms)
				EditorAssembliesLoaded (0ms)
			ExecutionOrderSort2 (0ms)
			AwakeInstancesAfterBackupRestoration (0ms)
Platform modules already initialized, skipping
Registering precompiled user dll's ...
Registered in 0.003878 seconds.
Begin MonoManager ReloadAssembly
Symbol file LoadedFromMemory doesn't match image D:\Games_Created\patch it remaster\Library\PackageCache\com.unity.visualscripting@1.7.8\Editor\VisualScripting.Core\Dependencies\YamlDotNet\Unity.VisualScripting.YamlDotNet.dll
Symbol file LoadedFromMemory doesn't match image D:\Games_Created\patch it remaster\Library\PackageCache\com.unity.visualscripting@1.7.8\Editor\VisualScripting.Core\Dependencies\DotNetZip\Unity.VisualScripting.IonicZip.dll
Native extension for WindowsStandalone target not found
Refreshing native plugins compatible for Editor in 80.02 ms, found 4 plugins.
Preloading 0 native plugins for Editor in 0.00 ms.
Mono: successfully reloaded assembly
- Completed reload, in  0.874 seconds
Domain Reload Profiling:
	ReloadAssembly (874ms)
		BeginReloadAssembly (73ms)
			ExecutionOrderSort (0ms)
			DisableScriptedObjects (4ms)
			BackupInstance (0ms)
			ReleaseScriptingObjects (0ms)
			CreateAndSetChildDomain (12ms)
		EndReloadAssembly (726ms)
			LoadAssemblies (67ms)
			RebuildTransferFunctionScriptingTraits (0ms)
			SetupTypeCache (178ms)
			ReleaseScriptCaches (0ms)
			RebuildScriptCaches (45ms)
			SetupLoadedEditorAssemblies (407ms)
				LogAssemblyErrors (0ms)
				InitializePlatformSupportModulesInManaged (3ms)
				SetLoadedEditorAssemblies (0ms)
				RefreshPlugins (80ms)
				BeforeProcessingInitializeOnLoad (73ms)
				ProcessInitializeOnLoadAttributes (182ms)
				ProcessInitializeOnLoadMethodAttributes (66ms)
				AfterProcessingInitializeOnLoad (4ms)
				EditorAssembliesLoaded (0ms)
			ExecutionOrderSort2 (0ms)
			AwakeInstancesAfterBackupRestoration (4ms)
Platform modules already initialized, skipping
========================================================================
Worker process is ready to serve import requests
Launched and connected shader compiler UnityShaderCompiler.exe after 0.03 seconds
Refreshing native plugins compatible for Editor in 0.79 ms, found 4 plugins.
Preloading 0 native plugins for Editor in 0.00 ms.
Unloading 5686 Unused Serialized files (Serialized files now loaded: 0)
Unloading 56 unused Assets / (1.2 MB). Loaded Objects now: 6141.
Memory consumption went from 234.5 MB to 233.3 MB.
Total: 3.189200 ms (FindLiveObjects: 0.294900 ms CreateObjectMapping: 0.116200 ms MarkObjects: 2.396600 ms  DeleteObjects: 0.380800 ms)

AssetImportParameters requested are different than current active one (requested -> active):
  custom:video-decoder-ogg-theora: a1e56fd34408186e4bbccfd4996cb3dc -> 
  custom:container-muxer-webm: aa71ff27fc2769a1b78a27578f13a17b -> 
  custom:container-demuxer-webm: 4f35f7cbe854078d1ac9338744f61a02 -> 
  custom:video-encoder-webm-vp8: eb34c28f22e8b96e1ab97ce403110664 -> 
  custom:video-codec-MediaFoundation-h265: 746d11721c4dcdbdad8f713fa42b33f4 -> 
  custom:audio-encoder-webm-vorbis: bf7c407c2cedff20999df2af8eb42d56 -> 
  custom:framework-win-MediaFoundation: 216162199b28c13a410421893ffa2e32 -> 
  custom:container-demuxer-ogg: 62fdf1f143b41e24485cea50d1cbac27 -> 
  custom:video-decoder-webm-vp8: 9c59270c3fd7afecdb556c50c9e8de78 -> 
  custom:audio-decoder-ogg-vorbis: bf7c407c2cedff20999df2af8eb42d56 -> 
========================================================================
Received Import Request.
  Time since last request: 48634.125762 seconds.
  path: Assets/SpriteSheet/IMG_0100.png
  artifactKey: Guid(5468e7f53b69df541af705691fcf8ede) Importer(815301076,1909f56bfc062723c751e8b465ee728b)
Start importing Assets/SpriteSheet/IMG_0100.png using Guid(5468e7f53b69df541af705691fcf8ede) Importer(815301076,1909f56bfc062723c751e8b465ee728b)  -> (artifact id: '91738e68c7598b5e95d8ca32002fb363') in 0.053231 seconds 
========================================================================
Received Import Request.
  Time since last request: 3.808085 seconds.
  path: Assets/SpriteSheet/IMG_0100.png
  artifactKey: Guid(5468e7f53b69df541af705691fcf8ede) Importer(815301076,1909f56bfc062723c751e8b465ee728b)
Start importing Assets/SpriteSheet/IMG_0100.png using Guid(5468e7f53b69df541af705691fcf8ede) Importer(815301076,1909f56bfc062723c751e8b465ee728b)  -> (artifact id: '34b1d41ae485f728a7767b1b235fe856') in 0.029219 seconds 
========================================================================
Received Import Request.
  Time since last request: 56.108729 seconds.
  path: Assets/SpriteSheet/IMG_0100.png
  artifactKey: Guid(5468e7f53b69df541af705691fcf8ede) Importer(815301076,1909f56bfc062723c751e8b465ee728b)
Start importing Assets/SpriteSheet/IMG_0100.png using Guid(5468e7f53b69df541af705691fcf8ede) Importer(815301076,1909f56bfc062723c751e8b465ee728b)  -> (artifact id: 'd71e7df217b0b2f0040517b4ff02536d') in 0.058136 seconds 
========================================================================
Received Import Request.
  Time since last request: 9.038696 seconds.
  path: Assets/Scenes/Level 2.unity
  artifactKey: Guid(8c9cfa26abfee488c85f1582747f6a02) Importer(815301076,1909f56bfc062723c751e8b465ee728b)
Start importing Assets/Scenes/Level 2.unity using Guid(8c9cfa26abfee488c85f1582747f6a02) Importer(815301076,1909f56bfc062723c751e8b465ee728b)  -> (artifact id: 'd0d8c9832b435f7bd786a3d49dd4ab66') in 0.026566 seconds 
========================================================================
Received Import Request.
  Time since last request: 9.541476 seconds.
  path: Assets/TilePallete/New Palette.prefab
  artifactKey: Guid(d2a32a923aa959f4c83d268c8044f773) Importer(815301076,1909f56bfc062723c751e8b465ee728b)
Start importing Assets/TilePallete/New Palette.prefab using Guid(d2a32a923aa959f4c83d268c8044f773) Importer(815301076,1909f56bfc062723c751e8b465ee728b)  -> (artifact id: '1a29f3422f53665e89682976d3b7bc56') in 0.352914 seconds 
========================================================================
Received Import Request.
  Time since last request: 22.142197 seconds.
  path: Assets/SpriteSheet/IMG_0100.png
  artifactKey: Guid(5468e7f53b69df541af705691fcf8ede) Importer(815301076,1909f56bfc062723c751e8b465ee728b)
Start importing Assets/SpriteSheet/IMG_0100.png using Guid(5468e7f53b69df541af705691fcf8ede) Importer(815301076,1909f56bfc062723c751e8b465ee728b)  -> (artifact id: 'b6e2a63aa1cc06adeea5bbed0bc86f62') in 0.055094 seconds 
========================================================================
Received Import Request.
  Time since last request: 4.524678 seconds.
  path: Assets/SpriteSheet/IMG_0100.png
  artifactKey: Guid(5468e7f53b69df541af705691fcf8ede) Importer(815301076,1909f56bfc062723c751e8b465ee728b)
Start importing Assets/SpriteSheet/IMG_0100.png using Guid(5468e7f53b69df541af705691fcf8ede) Importer(815301076,1909f56bfc062723c751e8b465ee728b)  -> (artifact id: 'd65b06c443685340c69423a0abaed2f7') in 0.044794 seconds 
========================================================================
Received Import Request.
  Time since last request: 4.794823 seconds.
  path: Assets/SpriteSheet/IMG_0100.png
  artifactKey: Guid(5468e7f53b69df541af705691fcf8ede) Importer(815301076,1909f56bfc062723c751e8b465ee728b)
Start importing Assets/SpriteSheet/IMG_0100.png using Guid(5468e7f53b69df541af705691fcf8ede) Importer(815301076,1909f56bfc062723c751e8b465ee728b)  -> (artifact id: '29cd444237d48acab156b02428ff7e91') in 0.044800 seconds 
========================================================================
Received Import Request.
  Time since last request: 4.644324 seconds.
  path: Assets/SpriteSheet/IMG_0100.png
  artifactKey: Guid(5468e7f53b69df541af705691fcf8ede) Importer(815301076,1909f56bfc062723c751e8b465ee728b)
Start importing Assets/SpriteSheet/IMG_0100.png using Guid(5468e7f53b69df541af705691fcf8ede) Importer(815301076,1909f56bfc062723c751e8b465ee728b)  -> (artifact id: '92bde3d6be35af5829c412a0ab82c2ed') in 0.040649 seconds 
========================================================================
Received Import Request.
  Time since last request: 8.777799 seconds.
  path: Assets/SpriteSheet/IMG_0100.png
  artifactKey: Guid(5468e7f53b69df541af705691fcf8ede) Importer(815301076,1909f56bfc062723c751e8b465ee728b)
Start importing Assets/SpriteSheet/IMG_0100.png using Guid(5468e7f53b69df541af705691fcf8ede) Importer(815301076,1909f56bfc062723c751e8b465ee728b)  -> (artifact id: '88f688d72b6ae93f37fcbe1444768a6a') in 0.052444 seconds 
========================================================================
Received Import Request.
  Time since last request: 7.217903 seconds.
  path: Assets/SpriteSheet/IMG_0100.png
  artifactKey: Guid(5468e7f53b69df541af705691fcf8ede) Importer(815301076,1909f56bfc062723c751e8b465ee728b)
Start importing Assets/SpriteSheet/IMG_0100.png using Guid(5468e7f53b69df541af705691fcf8ede) Importer(815301076,1909f56bfc062723c751e8b465ee728b)  -> (artifact id: 'aa4d92cabc3661dce5921f294e671263') in 0.029157 seconds 
========================================================================
Received Import Request.
  Time since last request: 61.907878 seconds.
  path: Assets/SpriteSheet/IMG_0100.png
  artifactKey: Guid(5468e7f53b69df541af705691fcf8ede) Importer(815301076,1909f56bfc062723c751e8b465ee728b)
Start importing Assets/SpriteSheet/IMG_0100.png using Guid(5468e7f53b69df541af705691fcf8ede) Importer(815301076,1909f56bfc062723c751e8b465ee728b)  -> (artifact id: 'ea3d4d4e23173b3cef9756d6f5d57d8c') in 0.043224 seconds 
========================================================================
Received Prepare
Registering precompiled user dll's ...
Registered in 0.003974 seconds.
Begin MonoManager ReloadAssembly
Symbol file LoadedFromMemory doesn't match image D:\Games_Created\patch it remaster\Library\PackageCache\com.unity.visualscripting@1.7.8\Editor\VisualScripting.Core\Dependencies\YamlDotNet\Unity.VisualScripting.YamlDotNet.dll
Symbol file LoadedFromMemory doesn't match image D:\Games_Created\patch it remaster\Library\PackageCache\com.unity.visualscripting@1.7.8\Editor\VisualScripting.Core\Dependencies\DotNetZip\Unity.VisualScripting.IonicZip.dll
Native extension for WindowsStandalone target not found
Refreshing native plugins compatible for Editor in 0.84 ms, found 4 plugins.
Preloading 0 native plugins for Editor in 0.00 ms.
Mono: successfully reloaded assembly
- Completed reload, in  0.719 seconds
Domain Reload Profiling:
	ReloadAssembly (720ms)
		BeginReloadAssembly (89ms)
			ExecutionOrderSort (0ms)
			DisableScriptedObjects (5ms)
			BackupInstance (0ms)
			ReleaseScriptingObjects (0ms)
			CreateAndSetChildDomain (29ms)
		EndReloadAssembly (576ms)
			LoadAssemblies (56ms)
			RebuildTransferFunctionScriptingTraits (0ms)
			SetupTypeCache (173ms)
			ReleaseScriptCaches (2ms)
			RebuildScriptCaches (32ms)
			SetupLoadedEditorAssemblies (262ms)
				LogAssemblyErrors (0ms)
				InitializePlatformSupportModulesInManaged (8ms)
				SetLoadedEditorAssemblies (0ms)
				RefreshPlugins (1ms)
				BeforeProcessingInitializeOnLoad (55ms)
				ProcessInitializeOnLoadAttributes (142ms)
				ProcessInitializeOnLoadMethodAttributes (52ms)
				AfterProcessingInitializeOnLoad (4ms)
				EditorAssembliesLoaded (0ms)
			ExecutionOrderSort2 (0ms)
			AwakeInstancesAfterBackupRestoration (9ms)
Platform modules already initialized, skipping
Refreshing native plugins compatible for Editor in 1.54 ms, found 4 plugins.
Preloading 0 native plugins for Editor in 0.00 ms.
Unloading 5542 Unused Serialized files (Serialized files now loaded: 0)
Unloading 43 unused Assets / (1.1 MB). Loaded Objects now: 6214.
Memory consumption went from 231.6 MB to 230.4 MB.
Total: 2.844000 ms (FindLiveObjects: 0.259500 ms CreateObjectMapping: 0.254900 ms MarkObjects: 2.011700 ms  DeleteObjects: 0.317400 ms)

AssetImportParameters requested are different than current active one (requested -> active):
  custom:video-decoder-ogg-theora: a1e56fd34408186e4bbccfd4996cb3dc -> 
  custom:container-muxer-webm: aa71ff27fc2769a1b78a27578f13a17b -> 
  custom:container-demuxer-webm: 4f35f7cbe854078d1ac9338744f61a02 -> 
  custom:video-encoder-webm-vp8: eb34c28f22e8b96e1ab97ce403110664 -> 
  custom:video-codec-MediaFoundation-h265: 746d11721c4dcdbdad8f713fa42b33f4 -> 
  custom:audio-encoder-webm-vorbis: bf7c407c2cedff20999df2af8eb42d56 -> 
  custom:framework-win-MediaFoundation: 216162199b28c13a410421893ffa2e32 -> 
  custom:container-demuxer-ogg: 62fdf1f143b41e24485cea50d1cbac27 -> 
  custom:video-decoder-webm-vp8: 9c59270c3fd7afecdb556c50c9e8de78 -> 
  custom:audio-decoder-ogg-vorbis: bf7c407c2cedff20999df2af8eb42d56 -> 
========================================================================
Received Prepare
Registering precompiled user dll's ...
Registered in 0.004292 seconds.
Begin MonoManager ReloadAssembly
Symbol file LoadedFromMemory doesn't match image D:\Games_Created\patch it remaster\Library\PackageCache\com.unity.visualscripting@1.7.8\Editor\VisualScripting.Core\Dependencies\YamlDotNet\Unity.VisualScripting.YamlDotNet.dll
Symbol file LoadedFromMemory doesn't match image D:\Games_Created\patch it remaster\Library\PackageCache\com.unity.visualscripting@1.7.8\Editor\VisualScripting.Core\Dependencies\DotNetZip\Unity.VisualScripting.IonicZip.dll
Native extension for WindowsStandalone target not found
Refreshing native plugins compatible for Editor in 0.94 ms, found 4 plugins.
Preloading 0 native plugins for Editor in 0.00 ms.
Mono: successfully reloaded assembly
- Completed reload, in  0.721 seconds
Domain Reload Profiling:
	ReloadAssembly (721ms)
		BeginReloadAssembly (79ms)
			ExecutionOrderSort (0ms)
			DisableScriptedObjects (4ms)
			BackupInstance (0ms)
			ReleaseScriptingObjects (0ms)
			CreateAndSetChildDomain (24ms)
		EndReloadAssembly (587ms)
			LoadAssemblies (53ms)
			RebuildTransferFunctionScriptingTraits (0ms)
			SetupTypeCache (154ms)
			ReleaseScriptCaches (2ms)
			RebuildScriptCaches (30ms)
			SetupLoadedEditorAssemblies (298ms)
				LogAssemblyErrors (0ms)
				InitializePlatformSupportModulesInManaged (8ms)
				SetLoadedEditorAssemblies (0ms)
				RefreshPlugins (1ms)
				BeforeProcessingInitializeOnLoad (56ms)
				ProcessInitializeOnLoadAttributes (169ms)
				ProcessInitializeOnLoadMethodAttributes (60ms)
				AfterProcessingInitializeOnLoad (4ms)
				EditorAssembliesLoaded (0ms)
			ExecutionOrderSort2 (0ms)
			AwakeInstancesAfterBackupRestoration (9ms)
Platform modules already initialized, skipping
Refreshing native plugins compatible for Editor in 1.54 ms, found 4 plugins.
Preloading 0 native plugins for Editor in 0.00 ms.
Unloading 5542 Unused Serialized files (Serialized files now loaded: 0)
Unloading 43 unused Assets / (1.1 MB). Loaded Objects now: 6217.
Memory consumption went from 231.5 MB to 230.4 MB.
Total: 2.647200 ms (FindLiveObjects: 0.253000 ms CreateObjectMapping: 0.112700 ms MarkObjects: 1.947800 ms  DeleteObjects: 0.332900 ms)

AssetImportParameters requested are different than current active one (requested -> active):
  custom:video-decoder-ogg-theora: a1e56fd34408186e4bbccfd4996cb3dc -> 
  custom:container-muxer-webm: aa71ff27fc2769a1b78a27578f13a17b -> 
  custom:container-demuxer-webm: 4f35f7cbe854078d1ac9338744f61a02 -> 
  custom:video-encoder-webm-vp8: eb34c28f22e8b96e1ab97ce403110664 -> 
  custom:video-codec-MediaFoundation-h265: 746d11721c4dcdbdad8f713fa42b33f4 -> 
  custom:audio-encoder-webm-vorbis: bf7c407c2cedff20999df2af8eb42d56 -> 
  custom:framework-win-MediaFoundation: 216162199b28c13a410421893ffa2e32 -> 
  custom:container-demuxer-ogg: 62fdf1f143b41e24485cea50d1cbac27 -> 
  custom:video-decoder-webm-vp8: 9c59270c3fd7afecdb556c50c9e8de78 -> 
  custom:audio-decoder-ogg-vorbis: bf7c407c2cedff20999df2af8eb42d56 -> 
========================================================================
Received Import Request.
  Time since last request: 177.857204 seconds.
  path: Assets/Scenes/Level 4.unity
  artifactKey: Guid(fc0a340a0139b8d43930e70e4ccba9ec) Importer(815301076,1909f56bfc062723c751e8b465ee728b)
Start importing Assets/Scenes/Level 4.unity using Guid(fc0a340a0139b8d43930e70e4ccba9ec) Importer(815301076,1909f56bfc062723c751e8b465ee728b)  -> (artifact id: '9f70a79d5a6e8185cebda10899709766') in 0.050809 seconds 
========================================================================
Received Import Request.
  Time since last request: 11.879214 seconds.
  path: Assets/Scenes/Level 5.unity
  artifactKey: Guid(7cb5f02d9d00e9f489ca7609179b3434) Importer(815301076,1909f56bfc062723c751e8b465ee728b)
Start importing Assets/Scenes/Level 5.unity using Guid(7cb5f02d9d00e9f489ca7609179b3434) Importer(815301076,1909f56bfc062723c751e8b465ee728b)  -> (artifact id: 'cc905b792c5edc0f948893a2a9eb8e0e') in 0.132286 seconds 
========================================================================
Received Import Request.
  Time since last request: 7.946276 seconds.
  path: Assets/Scenes/Level 0.unity
  artifactKey: Guid(61d4f3475c9368644a4f69eaf9cb8948) Importer(815301076,1909f56bfc062723c751e8b465ee728b)
Start importing Assets/Scenes/Level 0.unity using Guid(61d4f3475c9368644a4f69eaf9cb8948) Importer(815301076,1909f56bfc062723c751e8b465ee728b)  -> (artifact id: '97a4e1ddc97f453dd2f91f8f27fd7e17') in 0.011874 seconds 
========================================================================
Received Prepare
Registering precompiled user dll's ...
Registered in 0.004313 seconds.
Begin MonoManager ReloadAssembly
Symbol file LoadedFromMemory doesn't match image D:\Games_Created\patch it remaster\Library\PackageCache\com.unity.visualscripting@1.7.8\Editor\VisualScripting.Core\Dependencies\YamlDotNet\Unity.VisualScripting.YamlDotNet.dll
Symbol file LoadedFromMemory doesn't match image D:\Games_Created\patch it remaster\Library\PackageCache\com.unity.visualscripting@1.7.8\Editor\VisualScripting.Core\Dependencies\DotNetZip\Unity.VisualScripting.IonicZip.dll
Native extension for WindowsStandalone target not found
Refreshing native plugins compatible for Editor in 0.86 ms, found 4 plugins.
Preloading 0 native plugins for Editor in 0.00 ms.
Mono: successfully reloaded assembly
- Completed reload, in  0.737 seconds
Domain Reload Profiling:
	ReloadAssembly (737ms)
		BeginReloadAssembly (80ms)
			ExecutionOrderSort (0ms)
			DisableScriptedObjects (4ms)
			BackupInstance (0ms)
			ReleaseScriptingObjects (0ms)
			CreateAndSetChildDomain (24ms)
		EndReloadAssembly (595ms)
			LoadAssemblies (54ms)
			RebuildTransferFunctionScriptingTraits (0ms)
			SetupTypeCache (152ms)
			ReleaseScriptCaches (2ms)
			RebuildScriptCaches (34ms)
			SetupLoadedEditorAssemblies (294ms)
				LogAssemblyErrors (0ms)
				InitializePlatformSupportModulesInManaged (9ms)
				SetLoadedEditorAssemblies (0ms)
				RefreshPlugins (1ms)
				BeforeProcessingInitializeOnLoad (57ms)
				ProcessInitializeOnLoadAttributes (163ms)
				ProcessInitializeOnLoadMethodAttributes (61ms)
				AfterProcessingInitializeOnLoad (3ms)
				EditorAssembliesLoaded (0ms)
			ExecutionOrderSort2 (0ms)
			AwakeInstancesAfterBackupRestoration (9ms)
Platform modules already initialized, skipping
Refreshing native plugins compatible for Editor in 1.53 ms, found 4 plugins.
Preloading 0 native plugins for Editor in 0.00 ms.
Unloading 5542 Unused Serialized files (Serialized files now loaded: 0)
Unloading 43 unused Assets / (1.1 MB). Loaded Objects now: 6220.
Memory consumption went from 231.5 MB to 230.4 MB.
Total: 2.739100 ms (FindLiveObjects: 0.236100 ms CreateObjectMapping: 0.086100 ms MarkObjects: 1.972300 ms  DeleteObjects: 0.410600 ms)

AssetImportParameters requested are different than current active one (requested -> active):
  custom:video-decoder-ogg-theora: a1e56fd34408186e4bbccfd4996cb3dc -> 
  custom:container-muxer-webm: aa71ff27fc2769a1b78a27578f13a17b -> 
  custom:container-demuxer-webm: 4f35f7cbe854078d1ac9338744f61a02 -> 
  custom:video-encoder-webm-vp8: eb34c28f22e8b96e1ab97ce403110664 -> 
  custom:video-codec-MediaFoundation-h265: 746d11721c4dcdbdad8f713fa42b33f4 -> 
  custom:audio-encoder-webm-vorbis: bf7c407c2cedff20999df2af8eb42d56 -> 
  custom:framework-win-MediaFoundation: 216162199b28c13a410421893ffa2e32 -> 
  custom:container-demuxer-ogg: 62fdf1f143b41e24485cea50d1cbac27 -> 
  custom:video-decoder-webm-vp8: 9c59270c3fd7afecdb556c50c9e8de78 -> 
  custom:audio-decoder-ogg-vorbis: bf7c407c2cedff20999df2af8eb42d56 -> 
========================================================================
Received Import Request.
  Time since last request: 34.609052 seconds.
  path: Assets/TilePallete/New Palette.prefab
  artifactKey: Guid(d2a32a923aa959f4c83d268c8044f773) Importer(815301076,1909f56bfc062723c751e8b465ee728b)
Start importing Assets/TilePallete/New Palette.prefab using Guid(d2a32a923aa959f4c83d268c8044f773) Importer(815301076,1909f56bfc062723c751e8b465ee728b)  -> (artifact id: '33cd36379737763fa30c54e7c4a5afde') in 0.253130 seconds 
========================================================================
Received Prepare
Registering precompiled user dll's ...
Registered in 0.004091 seconds.
Begin MonoManager ReloadAssembly
Symbol file LoadedFromMemory doesn't match image D:\Games_Created\patch it remaster\Library\PackageCache\com.unity.visualscripting@1.7.8\Editor\VisualScripting.Core\Dependencies\YamlDotNet\Unity.VisualScripting.YamlDotNet.dll
Symbol file LoadedFromMemory doesn't match image D:\Games_Created\patch it remaster\Library\PackageCache\com.unity.visualscripting@1.7.8\Editor\VisualScripting.Core\Dependencies\DotNetZip\Unity.VisualScripting.IonicZip.dll
Native extension for WindowsStandalone target not found
Refreshing native plugins compatible for Editor in 0.74 ms, found 4 plugins.
Preloading 0 native plugins for Editor in 0.00 ms.
Mono: successfully reloaded assembly
- Completed reload, in  0.711 seconds
Domain Reload Profiling:
	ReloadAssembly (711ms)
		BeginReloadAssembly (86ms)
			ExecutionOrderSort (0ms)
			DisableScriptedObjects (5ms)
			BackupInstance (0ms)
			ReleaseScriptingObjects (0ms)
			CreateAndSetChildDomain (29ms)
		EndReloadAssembly (571ms)
			LoadAssemblies (51ms)
			RebuildTransferFunctionScriptingTraits (0ms)
			SetupTypeCache (155ms)
			ReleaseScriptCaches (1ms)
			RebuildScriptCaches (28ms)
			SetupLoadedEditorAssemblies (286ms)
				LogAssemblyErrors (0ms)
				InitializePlatformSupportModulesInManaged (8ms)
				SetLoadedEditorAssemblies (0ms)
				RefreshPlugins (1ms)
				BeforeProcessingInitializeOnLoad (52ms)
				ProcessInitializeOnLoadAttributes (163ms)
				ProcessInitializeOnLoadMethodAttributes (59ms)
				AfterProcessingInitializeOnLoad (3ms)
				EditorAssembliesLoaded (0ms)
			ExecutionOrderSort2 (0ms)
			AwakeInstancesAfterBackupRestoration (9ms)
Platform modules already initialized, skipping
Refreshing native plugins compatible for Editor in 2.53 ms, found 4 plugins.
Preloading 0 native plugins for Editor in 0.00 ms.
Unloading 5542 Unused Serialized files (Serialized files now loaded: 0)
Unloading 43 unused Assets / (1.1 MB). Loaded Objects now: 6264.
Memory consumption went from 231.6 MB to 230.5 MB.
Total: 2.951100 ms (FindLiveObjects: 0.324400 ms CreateObjectMapping: 0.098800 ms MarkObjects: 2.136500 ms  DeleteObjects: 0.390600 ms)

AssetImportParameters requested are different than current active one (requested -> active):
  custom:video-decoder-ogg-theora: a1e56fd34408186e4bbccfd4996cb3dc -> 
  custom:container-muxer-webm: aa71ff27fc2769a1b78a27578f13a17b -> 
  custom:container-demuxer-webm: 4f35f7cbe854078d1ac9338744f61a02 -> 
  custom:video-encoder-webm-vp8: eb34c28f22e8b96e1ab97ce403110664 -> 
  custom:video-codec-MediaFoundation-h265: 746d11721c4dcdbdad8f713fa42b33f4 -> 
  custom:audio-encoder-webm-vorbis: bf7c407c2cedff20999df2af8eb42d56 -> 
  custom:framework-win-MediaFoundation: 216162199b28c13a410421893ffa2e32 -> 
  custom:container-demuxer-ogg: 62fdf1f143b41e24485cea50d1cbac27 -> 
  custom:video-decoder-webm-vp8: 9c59270c3fd7afecdb556c50c9e8de78 -> 
  custom:audio-decoder-ogg-vorbis: bf7c407c2cedff20999df2af8eb42d56 -> 
========================================================================
Received Import Request.
  Time since last request: 105.940429 seconds.
  path: Assets/Scenes/Level 2.unity
  artifactKey: Guid(8c9cfa26abfee488c85f1582747f6a02) Importer(815301076,1909f56bfc062723c751e8b465ee728b)
Start importing Assets/Scenes/Level 2.unity using Guid(8c9cfa26abfee488c85f1582747f6a02) Importer(815301076,1909f56bfc062723c751e8b465ee728b)  -> (artifact id: '8bafbd4bfae68d94cbffff4ade6c0026') in 0.006587 seconds 
========================================================================
Received Import Request.
  Time since last request: 2.451523 seconds.
  path: Assets/Scenes/Level 3.unity
  artifactKey: Guid(a9096e7185dbdaa43ae729c624b9f878) Importer(815301076,1909f56bfc062723c751e8b465ee728b)
Start importing Assets/Scenes/Level 3.unity using Guid(a9096e7185dbdaa43ae729c624b9f878) Importer(815301076,1909f56bfc062723c751e8b465ee728b)  -> (artifact id: '3db86d0da6bb58619897a8b4e8da658f') in 0.024742 seconds 
========================================================================
Received Import Request.
  Time since last request: 2.885676 seconds.
  path: Assets/Scenes/Level 6.unity
  artifactKey: Guid(f87c4622d5c068c48827e9c75afece24) Importer(815301076,1909f56bfc062723c751e8b465ee728b)
Start importing Assets/Scenes/Level 6.unity using Guid(f87c4622d5c068c48827e9c75afece24) Importer(815301076,1909f56bfc062723c751e8b465ee728b)  -> (artifact id: 'b158d8a8a83275bc0ce0c9ff82c19c71') in 0.034070 seconds 
========================================================================
Received Prepare
Registering precompiled user dll's ...
Registered in 0.003841 seconds.
Begin MonoManager ReloadAssembly
Symbol file LoadedFromMemory doesn't match image D:\Games_Created\patch it remaster\Library\PackageCache\com.unity.visualscripting@1.7.8\Editor\VisualScripting.Core\Dependencies\YamlDotNet\Unity.VisualScripting.YamlDotNet.dll
Symbol file LoadedFromMemory doesn't match image D:\Games_Created\patch it remaster\Library\PackageCache\com.unity.visualscripting@1.7.8\Editor\VisualScripting.Core\Dependencies\DotNetZip\Unity.VisualScripting.IonicZip.dll
Native extension for WindowsStandalone target not found
Refreshing native plugins compatible for Editor in 0.71 ms, found 4 plugins.
Preloading 0 native plugins for Editor in 0.00 ms.
Mono: successfully reloaded assembly
- Completed reload, in  0.703 seconds
Domain Reload Profiling:
	ReloadAssembly (703ms)
		BeginReloadAssembly (80ms)
			ExecutionOrderSort (0ms)
			DisableScriptedObjects (4ms)
			BackupInstance (0ms)
			ReleaseScriptingObjects (0ms)
			CreateAndSetChildDomain (24ms)
		EndReloadAssembly (568ms)
			LoadAssemblies (54ms)
			RebuildTransferFunctionScriptingTraits (0ms)
			SetupTypeCache (144ms)
			ReleaseScriptCaches (2ms)
			RebuildScriptCaches (32ms)
			SetupLoadedEditorAssemblies (283ms)
				LogAssemblyErrors (0ms)
				InitializePlatformSupportModulesInManaged (8ms)
				SetLoadedEditorAssemblies (0ms)
				RefreshPlugins (1ms)
				BeforeProcessingInitializeOnLoad (52ms)
				ProcessInitializeOnLoadAttributes (158ms)
				ProcessInitializeOnLoadMethodAttributes (60ms)
				AfterProcessingInitializeOnLoad (4ms)
				EditorAssembliesLoaded (0ms)
			ExecutionOrderSort2 (0ms)
			AwakeInstancesAfterBackupRestoration (9ms)
Platform modules already initialized, skipping
Refreshing native plugins compatible for Editor in 1.79 ms, found 4 plugins.
Preloading 0 native plugins for Editor in 0.00 ms.
Unloading 5542 Unused Serialized files (Serialized files now loaded: 0)
Unloading 43 unused Assets / (1.1 MB). Loaded Objects now: 6267.
Memory consumption went from 231.6 MB to 230.4 MB.
Total: 2.857400 ms (FindLiveObjects: 0.270900 ms CreateObjectMapping: 0.103900 ms MarkObjects: 2.091600 ms  DeleteObjects: 0.390000 ms)

AssetImportParameters requested are different than current active one (requested -> active):
  custom:video-decoder-ogg-theora: a1e56fd34408186e4bbccfd4996cb3dc -> 
  custom:container-muxer-webm: aa71ff27fc2769a1b78a27578f13a17b -> 
  custom:container-demuxer-webm: 4f35f7cbe854078d1ac9338744f61a02 -> 
  custom:video-encoder-webm-vp8: eb34c28f22e8b96e1ab97ce403110664 -> 
  custom:video-codec-MediaFoundation-h265: 746d11721c4dcdbdad8f713fa42b33f4 -> 
  custom:audio-encoder-webm-vorbis: bf7c407c2cedff20999df2af8eb42d56 -> 
  custom:framework-win-MediaFoundation: 216162199b28c13a410421893ffa2e32 -> 
  custom:container-demuxer-ogg: 62fdf1f143b41e24485cea50d1cbac27 -> 
  custom:video-decoder-webm-vp8: 9c59270c3fd7afecdb556c50c9e8de78 -> 
  custom:audio-decoder-ogg-vorbis: bf7c407c2cedff20999df2af8eb42d56 -> 
========================================================================
Received Import Request.
  Time since last request: 25.653721 seconds.
  path: Assets/Scenes/Menu.unity
  artifactKey: Guid(3fe9a8dc3baf1d24982f6ce6f2587092) Importer(815301076,1909f56bfc062723c751e8b465ee728b)
Start importing Assets/Scenes/Menu.unity using Guid(3fe9a8dc3baf1d24982f6ce6f2587092) Importer(815301076,1909f56bfc062723c751e8b465ee728b)  -> (artifact id: '8a5ce99c2a2326acec34fd826b21154a') in 0.378486 seconds 
========================================================================
Received Prepare
Registering precompiled user dll's ...
Registered in 0.003238 seconds.
Begin MonoManager ReloadAssembly
Symbol file LoadedFromMemory doesn't match image D:\Games_Created\patch it remaster\Library\PackageCache\com.unity.visualscripting@1.7.8\Editor\VisualScripting.Core\Dependencies\YamlDotNet\Unity.VisualScripting.YamlDotNet.dll
Symbol file LoadedFromMemory doesn't match image D:\Games_Created\patch it remaster\Library\PackageCache\com.unity.visualscripting@1.7.8\Editor\VisualScripting.Core\Dependencies\DotNetZip\Unity.VisualScripting.IonicZip.dll
Native extension for WindowsStandalone target not found
Refreshing native plugins compatible for Editor in 0.67 ms, found 4 plugins.
Preloading 0 native plugins for Editor in 0.00 ms.
Mono: successfully reloaded assembly
- Completed reload, in  0.697 seconds
Domain Reload Profiling:
	ReloadAssembly (698ms)
		BeginReloadAssembly (80ms)
			ExecutionOrderSort (0ms)
			DisableScriptedObjects (4ms)
			BackupInstance (0ms)
			ReleaseScriptingObjects (0ms)
			CreateAndSetChildDomain (22ms)
		EndReloadAssembly (555ms)
			LoadAssemblies (50ms)
			RebuildTransferFunctionScriptingTraits (0ms)
			SetupTypeCache (144ms)
			ReleaseScriptCaches (1ms)
			RebuildScriptCaches (32ms)
			SetupLoadedEditorAssemblies (282ms)
				LogAssemblyErrors (0ms)
				InitializePlatformSupportModulesInManaged (7ms)
				SetLoadedEditorAssemblies (0ms)
				RefreshPlugins (1ms)
				BeforeProcessingInitializeOnLoad (49ms)
				ProcessInitializeOnLoadAttributes (162ms)
				ProcessInitializeOnLoadMethodAttributes (60ms)
				AfterProcessingInitializeOnLoad (3ms)
				EditorAssembliesLoaded (0ms)
			ExecutionOrderSort2 (0ms)
			AwakeInstancesAfterBackupRestoration (9ms)
Platform modules already initialized, skipping
Refreshing native plugins compatible for Editor in 1.62 ms, found 4 plugins.
Preloading 0 native plugins for Editor in 0.00 ms.
Unloading 5542 Unused Serialized files (Serialized files now loaded: 0)
Unloading 43 unused Assets / (1.1 MB). Loaded Objects now: 6270.
Memory consumption went from 231.6 MB to 230.4 MB.
Total: 2.930700 ms (FindLiveObjects: 0.272600 ms CreateObjectMapping: 0.095200 ms MarkObjects: 2.171500 ms  DeleteObjects: 0.390800 ms)

AssetImportParameters requested are different than current active one (requested -> active):
  custom:video-decoder-ogg-theora: a1e56fd34408186e4bbccfd4996cb3dc -> 
  custom:container-muxer-webm: aa71ff27fc2769a1b78a27578f13a17b -> 
  custom:container-demuxer-webm: 4f35f7cbe854078d1ac9338744f61a02 -> 
  custom:video-encoder-webm-vp8: eb34c28f22e8b96e1ab97ce403110664 -> 
  custom:video-codec-MediaFoundation-h265: 746d11721c4dcdbdad8f713fa42b33f4 -> 
  custom:audio-encoder-webm-vorbis: bf7c407c2cedff20999df2af8eb42d56 -> 
  custom:framework-win-MediaFoundation: 216162199b28c13a410421893ffa2e32 -> 
  custom:container-demuxer-ogg: 62fdf1f143b41e24485cea50d1cbac27 -> 
  custom:video-decoder-webm-vp8: 9c59270c3fd7afecdb556c50c9e8de78 -> 
  custom:audio-decoder-ogg-vorbis: bf7c407c2cedff20999df2af8eb42d56 -> 
========================================================================
Received Prepare
Registering precompiled user dll's ...
Registered in 0.003846 seconds.
Begin MonoManager ReloadAssembly
Symbol file LoadedFromMemory doesn't match image D:\Games_Created\patch it remaster\Library\PackageCache\com.unity.visualscripting@1.7.8\Editor\VisualScripting.Core\Dependencies\YamlDotNet\Unity.VisualScripting.YamlDotNet.dll
Symbol file LoadedFromMemory doesn't match image D:\Games_Created\patch it remaster\Library\PackageCache\com.unity.visualscripting@1.7.8\Editor\VisualScripting.Core\Dependencies\DotNetZip\Unity.VisualScripting.IonicZip.dll
Native extension for WindowsStandalone target not found
Refreshing native plugins compatible for Editor in 0.65 ms, found 4 plugins.
Preloading 0 native plugins for Editor in 0.00 ms.
Mono: successfully reloaded assembly
- Completed reload, in  0.686 seconds
Domain Reload Profiling:
	ReloadAssembly (686ms)
		BeginReloadAssembly (79ms)
			ExecutionOrderSort (0ms)
			DisableScriptedObjects (4ms)
			BackupInstance (0ms)
			ReleaseScriptingObjects (0ms)
			CreateAndSetChildDomain (23ms)
		EndReloadAssembly (555ms)
			LoadAssemblies (50ms)
			RebuildTransferFunctionScriptingTraits (0ms)
			SetupTypeCache (148ms)
			ReleaseScriptCaches (1ms)
			RebuildScriptCaches (28ms)
			SetupLoadedEditorAssemblies (280ms)
				LogAssemblyErrors (0ms)
				InitializePlatformSupportModulesInManaged (10ms)
				SetLoadedEditorAssemblies (0ms)
				RefreshPlugins (1ms)
				BeforeProcessingInitializeOnLoad (52ms)
				ProcessInitializeOnLoadAttributes (157ms)
				ProcessInitializeOnLoadMethodAttributes (57ms)
				AfterProcessingInitializeOnLoad (3ms)
				EditorAssembliesLoaded (0ms)
			ExecutionOrderSort2 (0ms)
			AwakeInstancesAfterBackupRestoration (9ms)
Platform modules already initialized, skipping
Refreshing native plugins compatible for Editor in 1.55 ms, found 4 plugins.
Preloading 0 native plugins for Editor in 0.00 ms.
Unloading 5542 Unused Serialized files (Serialized files now loaded: 0)
Unloading 43 unused Assets / (1.1 MB). Loaded Objects now: 6273.
Memory consumption went from 231.6 MB to 230.5 MB.
Total: 3.030400 ms (FindLiveObjects: 0.280100 ms CreateObjectMapping: 0.102800 ms MarkObjects: 2.194600 ms  DeleteObjects: 0.452000 ms)

AssetImportParameters requested are different than current active one (requested -> active):
  custom:video-decoder-ogg-theora: a1e56fd34408186e4bbccfd4996cb3dc -> 
  custom:container-muxer-webm: aa71ff27fc2769a1b78a27578f13a17b -> 
  custom:container-demuxer-webm: 4f35f7cbe854078d1ac9338744f61a02 -> 
  custom:video-encoder-webm-vp8: eb34c28f22e8b96e1ab97ce403110664 -> 
  custom:video-codec-MediaFoundation-h265: 746d11721c4dcdbdad8f713fa42b33f4 -> 
  custom:audio-encoder-webm-vorbis: bf7c407c2cedff20999df2af8eb42d56 -> 
  custom:framework-win-MediaFoundation: 216162199b28c13a410421893ffa2e32 -> 
  custom:container-demuxer-ogg: 62fdf1f143b41e24485cea50d1cbac27 -> 
  custom:video-decoder-webm-vp8: 9c59270c3fd7afecdb556c50c9e8de78 -> 
  custom:audio-decoder-ogg-vorbis: bf7c407c2cedff20999df2af8eb42d56 -> 
========================================================================
Received Prepare
Registering precompiled user dll's ...
Registered in 0.004109 seconds.
Begin MonoManager ReloadAssembly
Symbol file LoadedFromMemory doesn't match image D:\Games_Created\patch it remaster\Library\PackageCache\com.unity.visualscripting@1.7.8\Editor\VisualScripting.Core\Dependencies\YamlDotNet\Unity.VisualScripting.YamlDotNet.dll
Symbol file LoadedFromMemory doesn't match image D:\Games_Created\patch it remaster\Library\PackageCache\com.unity.visualscripting@1.7.8\Editor\VisualScripting.Core\Dependencies\DotNetZip\Unity.VisualScripting.IonicZip.dll
Native extension for WindowsStandalone target not found
Refreshing native plugins compatible for Editor in 0.98 ms, found 4 plugins.
Preloading 0 native plugins for Editor in 0.00 ms.
Mono: successfully reloaded assembly
- Completed reload, in  0.725 seconds
Domain Reload Profiling:
	ReloadAssembly (726ms)
		BeginReloadAssembly (79ms)
			ExecutionOrderSort (0ms)
			DisableScriptedObjects (4ms)
			BackupInstance (0ms)
			ReleaseScriptingObjects (0ms)
			CreateAndSetChildDomain (23ms)
		EndReloadAssembly (588ms)
			LoadAssemblies (54ms)
			RebuildTransferFunctionScriptingTraits (0ms)
			SetupTypeCache (156ms)
			ReleaseScriptCaches (2ms)
			RebuildScriptCaches (31ms)
			SetupLoadedEditorAssemblies (291ms)
				LogAssemblyErrors (0ms)
				InitializePlatformSupportModulesInManaged (8ms)
				SetLoadedEditorAssemblies (0ms)
				RefreshPlugins (1ms)
				BeforeProcessingInitializeOnLoad (53ms)
				ProcessInitializeOnLoadAttributes (164ms)
				ProcessInitializeOnLoadMethodAttributes (61ms)
				AfterProcessingInitializeOnLoad (4ms)
				EditorAssembliesLoaded (0ms)
			ExecutionOrderSort2 (0ms)
			AwakeInstancesAfterBackupRestoration (9ms)
Platform modules already initialized, skipping
Refreshing native plugins compatible for Editor in 1.63 ms, found 4 plugins.
Preloading 0 native plugins for Editor in 0.00 ms.
Unloading 5542 Unused Serialized files (Serialized files now loaded: 0)
Unloading 43 unused Assets / (1.1 MB). Loaded Objects now: 6276.
Memory consumption went from 231.6 MB to 230.5 MB.
Total: 2.754900 ms (FindLiveObjects: 0.277100 ms CreateObjectMapping: 0.100000 ms MarkObjects: 1.990300 ms  DeleteObjects: 0.386900 ms)

AssetImportParameters requested are different than current active one (requested -> active):
  custom:video-decoder-ogg-theora: a1e56fd34408186e4bbccfd4996cb3dc -> 
  custom:container-muxer-webm: aa71ff27fc2769a1b78a27578f13a17b -> 
  custom:container-demuxer-webm: 4f35f7cbe854078d1ac9338744f61a02 -> 
  custom:video-encoder-webm-vp8: eb34c28f22e8b96e1ab97ce403110664 -> 
  custom:video-codec-MediaFoundation-h265: 746d11721c4dcdbdad8f713fa42b33f4 -> 
  custom:audio-encoder-webm-vorbis: bf7c407c2cedff20999df2af8eb42d56 -> 
  custom:framework-win-MediaFoundation: 216162199b28c13a410421893ffa2e32 -> 
  custom:container-demuxer-ogg: 62fdf1f143b41e24485cea50d1cbac27 -> 
  custom:video-decoder-webm-vp8: 9c59270c3fd7afecdb556c50c9e8de78 -> 
  custom:audio-decoder-ogg-vorbis: bf7c407c2cedff20999df2af8eb42d56 -> 
========================================================================
Received Import Request.
  Time since last request: 158.321866 seconds.
  path: Assets/Scenes/Level 1.unity
  artifactKey: Guid(23e1011d85e5dc644be3c8dbb911d59c) Importer(815301076,1909f56bfc062723c751e8b465ee728b)
Start importing Assets/Scenes/Level 1.unity using Guid(23e1011d85e5dc644be3c8dbb911d59c) Importer(815301076,1909f56bfc062723c751e8b465ee728b)  -> (artifact id: '9fec0ea10633e6fb34ba91ce72458641') in 0.020160 seconds 
========================================================================
Received Import Request.
  Time since last request: 3.731331 seconds.
  path: Assets/Scenes/Level 0.unity
  artifactKey: Guid(61d4f3475c9368644a4f69eaf9cb8948) Importer(815301076,1909f56bfc062723c751e8b465ee728b)
Start importing Assets/Scenes/Level 0.unity using Guid(61d4f3475c9368644a4f69eaf9cb8948) Importer(815301076,1909f56bfc062723c751e8b465ee728b)  -> (artifact id: '7cd7dcbe65a1674fdef2990cc06b5155') in 0.111654 seconds 
========================================================================
Received Prepare
Registering precompiled user dll's ...
Registered in 0.004285 seconds.
Begin MonoManager ReloadAssembly
Symbol file LoadedFromMemory doesn't match image D:\Games_Created\patch it remaster\Library\PackageCache\com.unity.visualscripting@1.7.8\Editor\VisualScripting.Core\Dependencies\YamlDotNet\Unity.VisualScripting.YamlDotNet.dll
Symbol file LoadedFromMemory doesn't match image D:\Games_Created\patch it remaster\Library\PackageCache\com.unity.visualscripting@1.7.8\Editor\VisualScripting.Core\Dependencies\DotNetZip\Unity.VisualScripting.IonicZip.dll
Native extension for WindowsStandalone target not found
Refreshing native plugins compatible for Editor in 0.86 ms, found 4 plugins.
Preloading 0 native plugins for Editor in 0.00 ms.
Mono: successfully reloaded assembly
- Completed reload, in  0.701 seconds
Domain Reload Profiling:
	ReloadAssembly (701ms)
		BeginReloadAssembly (83ms)
			ExecutionOrderSort (0ms)
			DisableScriptedObjects (4ms)
			BackupInstance (0ms)
			ReleaseScriptingObjects (0ms)
			CreateAndSetChildDomain (25ms)
		EndReloadAssembly (565ms)
			LoadAssemblies (54ms)
			RebuildTransferFunctionScriptingTraits (0ms)
			SetupTypeCache (145ms)
			ReleaseScriptCaches (1ms)
			RebuildScriptCaches (29ms)
			SetupLoadedEditorAssemblies (286ms)
				LogAssemblyErrors (0ms)
				InitializePlatformSupportModulesInManaged (8ms)
				SetLoadedEditorAssemblies (0ms)
				RefreshPlugins (1ms)
				BeforeProcessingInitializeOnLoad (53ms)
				ProcessInitializeOnLoadAttributes (161ms)
				ProcessInitializeOnLoadMethodAttributes (59ms)
				AfterProcessingInitializeOnLoad (4ms)
				EditorAssembliesLoaded (0ms)
			ExecutionOrderSort2 (0ms)
			AwakeInstancesAfterBackupRestoration (9ms)
Platform modules already initialized, skipping
Refreshing native plugins compatible for Editor in 1.74 ms, found 4 plugins.
Preloading 0 native plugins for Editor in 0.00 ms.
Unloading 5542 Unused Serialized files (Serialized files now loaded: 0)
Unloading 43 unused Assets / (1.1 MB). Loaded Objects now: 6279.
Memory consumption went from 231.6 MB to 230.5 MB.
Total: 3.433000 ms (FindLiveObjects: 0.260700 ms CreateObjectMapping: 0.091500 ms MarkObjects: 2.597400 ms  DeleteObjects: 0.482400 ms)

AssetImportParameters requested are different than current active one (requested -> active):
  custom:video-decoder-ogg-theora: a1e56fd34408186e4bbccfd4996cb3dc -> 
  custom:container-muxer-webm: aa71ff27fc2769a1b78a27578f13a17b -> 
  custom:container-demuxer-webm: 4f35f7cbe854078d1ac9338744f61a02 -> 
  custom:video-encoder-webm-vp8: eb34c28f22e8b96e1ab97ce403110664 -> 
  custom:video-codec-MediaFoundation-h265: 746d11721c4dcdbdad8f713fa42b33f4 -> 
  custom:audio-encoder-webm-vorbis: bf7c407c2cedff20999df2af8eb42d56 -> 
  custom:framework-win-MediaFoundation: 216162199b28c13a410421893ffa2e32 -> 
  custom:container-demuxer-ogg: 62fdf1f143b41e24485cea50d1cbac27 -> 
  custom:video-decoder-webm-vp8: 9c59270c3fd7afecdb556c50c9e8de78 -> 
  custom:audio-decoder-ogg-vorbis: bf7c407c2cedff20999df2af8eb42d56 -> 
========================================================================
Received Import Request.
  Time since last request: 102.428119 seconds.
  path: Assets/Scenes/Level 1.unity
  artifactKey: Guid(23e1011d85e5dc644be3c8dbb911d59c) Importer(815301076,1909f56bfc062723c751e8b465ee728b)
Start importing Assets/Scenes/Level 1.unity using Guid(23e1011d85e5dc644be3c8dbb911d59c) Importer(815301076,1909f56bfc062723c751e8b465ee728b)  -> (artifact id: '28f10f1349d51366e205603d4ee8f53e') in 0.007842 seconds 
========================================================================
Received Prepare
Registering precompiled user dll's ...
Registered in 0.003933 seconds.
Begin MonoManager ReloadAssembly
Symbol file LoadedFromMemory doesn't match image D:\Games_Created\patch it remaster\Library\PackageCache\com.unity.visualscripting@1.7.8\Editor\VisualScripting.Core\Dependencies\YamlDotNet\Unity.VisualScripting.YamlDotNet.dll
Symbol file LoadedFromMemory doesn't match image D:\Games_Created\patch it remaster\Library\PackageCache\com.unity.visualscripting@1.7.8\Editor\VisualScripting.Core\Dependencies\DotNetZip\Unity.VisualScripting.IonicZip.dll
Native extension for WindowsStandalone target not found
Refreshing native plugins compatible for Editor in 0.72 ms, found 4 plugins.
Preloading 0 native plugins for Editor in 0.00 ms.
Mono: successfully reloaded assembly
- Completed reload, in  0.703 seconds
Domain Reload Profiling:
	ReloadAssembly (703ms)
		BeginReloadAssembly (80ms)
			ExecutionOrderSort (0ms)
			DisableScriptedObjects (4ms)
			BackupInstance (0ms)
			ReleaseScriptingObjects (0ms)
			CreateAndSetChildDomain (24ms)
		EndReloadAssembly (569ms)
			LoadAssemblies (53ms)
			RebuildTransferFunctionScriptingTraits (0ms)
			SetupTypeCache (153ms)
			ReleaseScriptCaches (2ms)
			RebuildScriptCaches (29ms)
			SetupLoadedEditorAssemblies (281ms)
				LogAssemblyErrors (0ms)
				InitializePlatformSupportModulesInManaged (8ms)
				SetLoadedEditorAssemblies (0ms)
				RefreshPlugins (1ms)
				BeforeProcessingInitializeOnLoad (53ms)
				ProcessInitializeOnLoadAttributes (156ms)
				ProcessInitializeOnLoadMethodAttributes (60ms)
				AfterProcessingInitializeOnLoad (3ms)
				EditorAssembliesLoaded (0ms)
			ExecutionOrderSort2 (0ms)
			AwakeInstancesAfterBackupRestoration (9ms)
Platform modules already initialized, skipping
Refreshing native plugins compatible for Editor in 1.80 ms, found 4 plugins.
Preloading 0 native plugins for Editor in 0.00 ms.
Unloading 5542 Unused Serialized files (Serialized files now loaded: 0)
Unloading 43 unused Assets / (1.1 MB). Loaded Objects now: 6282.
Memory consumption went from 231.6 MB to 230.5 MB.
Total: 2.754800 ms (FindLiveObjects: 0.251900 ms CreateObjectMapping: 0.090100 ms MarkObjects: 2.043200 ms  DeleteObjects: 0.368700 ms)

AssetImportParameters requested are different than current active one (requested -> active):
  custom:video-decoder-ogg-theora: a1e56fd34408186e4bbccfd4996cb3dc -> 
  custom:container-muxer-webm: aa71ff27fc2769a1b78a27578f13a17b -> 
  custom:container-demuxer-webm: 4f35f7cbe854078d1ac9338744f61a02 -> 
  custom:video-encoder-webm-vp8: eb34c28f22e8b96e1ab97ce403110664 -> 
  custom:video-codec-MediaFoundation-h265: 746d11721c4dcdbdad8f713fa42b33f4 -> 
  custom:audio-encoder-webm-vorbis: bf7c407c2cedff20999df2af8eb42d56 -> 
  custom:framework-win-MediaFoundation: 216162199b28c13a410421893ffa2e32 -> 
  custom:container-demuxer-ogg: 62fdf1f143b41e24485cea50d1cbac27 -> 
  custom:video-decoder-webm-vp8: 9c59270c3fd7afecdb556c50c9e8de78 -> 
  custom:audio-decoder-ogg-vorbis: bf7c407c2cedff20999df2af8eb42d56 -> 
========================================================================
Received Import Request.
  Time since last request: 118.193753 seconds.
  path: Assets/Scenes/Level 1.unity
  artifactKey: Guid(23e1011d85e5dc644be3c8dbb911d59c) Importer(815301076,1909f56bfc062723c751e8b465ee728b)
Start importing Assets/Scenes/Level 1.unity using Guid(23e1011d85e5dc644be3c8dbb911d59c) Importer(815301076,1909f56bfc062723c751e8b465ee728b)  -> (artifact id: 'e9a444d68328ddbc18091d58ad3f8b5e') in 0.322545 seconds 
========================================================================
Received Import Request.
  Time since last request: 56.596638 seconds.
  path: Assets/Scenes/Level 7.unity
  artifactKey: Guid(68d1b466e294d7a46b234a3b1f6cf750) Importer(815301076,1909f56bfc062723c751e8b465ee728b)
Start importing Assets/Scenes/Level 7.unity using Guid(68d1b466e294d7a46b234a3b1f6cf750) Importer(815301076,1909f56bfc062723c751e8b465ee728b)  -> (artifact id: '6293c7ab3dffd74b75f165805632b2e9') in 0.054664 seconds 
========================================================================
Received Import Request.
  Time since last request: 34.361546 seconds.
  path: Assets/Scenes/Level 9.unity
  artifactKey: Guid(0779b15882d752c4fb92e2ecd99965c9) Importer(815301076,1909f56bfc062723c751e8b465ee728b)
Start importing Assets/Scenes/Level 9.unity using Guid(0779b15882d752c4fb92e2ecd99965c9) Importer(815301076,1909f56bfc062723c751e8b465ee728b)  -> (artifact id: '165a8fd7eb437334e3679766c6bac442') in 0.144823 seconds 
========================================================================
Received Import Request.
  Time since last request: 14.282506 seconds.
  path: Assets/Scenes/Level 10.unity
  artifactKey: Guid(b299d1fbb548c75448b59a12e8879857) Importer(815301076,1909f56bfc062723c751e8b465ee728b)
Start importing Assets/Scenes/Level 10.unity using Guid(b299d1fbb548c75448b59a12e8879857) Importer(815301076,1909f56bfc062723c751e8b465ee728b)  -> (artifact id: 'c13743dcb9dabd42081d62322b3037af') in 0.050275 seconds 
========================================================================
Received Import Request.
  Time since last request: 20.420932 seconds.
  path: Assets/Scenes/Level 11.unity
  artifactKey: Guid(ecf6bb583a0d6b54bac20cc9013875f7) Importer(815301076,1909f56bfc062723c751e8b465ee728b)
Start importing Assets/Scenes/Level 11.unity using Guid(ecf6bb583a0d6b54bac20cc9013875f7) Importer(815301076,1909f56bfc062723c751e8b465ee728b)  -> (artifact id: '1ae31cbf643a1f277eed7d6451ac0d3d') in 0.158686 seconds 
========================================================================
Received Import Request.
  Time since last request: 14.421362 seconds.
  path: Assets/Scenes/Level 12.unity
  artifactKey: Guid(858bdce4cb330ff44a365f738239fe37) Importer(815301076,1909f56bfc062723c751e8b465ee728b)
Start importing Assets/Scenes/Level 12.unity using Guid(858bdce4cb330ff44a365f738239fe37) Importer(815301076,1909f56bfc062723c751e8b465ee728b)  -> (artifact id: '5eea63fdf7899864be37772745322731') in 0.012453 seconds 
========================================================================
Received Import Request.
  Time since last request: 12.103493 seconds.
  path: Assets/Scenes/Level 13.unity
  artifactKey: Guid(37fe191dfadae1649ba95e87c0f54e78) Importer(815301076,1909f56bfc062723c751e8b465ee728b)
Start importing Assets/Scenes/Level 13.unity using Guid(37fe191dfadae1649ba95e87c0f54e78) Importer(815301076,1909f56bfc062723c751e8b465ee728b)  -> (artifact id: '39f2b7d3bb2a22973f793d49eaa52120') in 0.144267 seconds 
========================================================================
Received Import Request.
  Time since last request: 15.925607 seconds.
  path: Assets/Scenes/Level 14.unity
  artifactKey: Guid(ab0f5c3e05a1c9c40b776ca9e52a463b) Importer(815301076,1909f56bfc062723c751e8b465ee728b)
Start importing Assets/Scenes/Level 14.unity using Guid(ab0f5c3e05a1c9c40b776ca9e52a463b) Importer(815301076,1909f56bfc062723c751e8b465ee728b)  -> (artifact id: '5837d4238c0a451e4f2f7d3c84a0a67b') in 0.055979 seconds 
========================================================================
Received Import Request.
  Time since last request: 13.859023 seconds.
  path: Assets/Scenes/Level 15.unity
  artifactKey: Guid(f73c525f0062efb41b15cd469b9861af) Importer(815301076,1909f56bfc062723c751e8b465ee728b)
Start importing Assets/Scenes/Level 15.unity using Guid(f73c525f0062efb41b15cd469b9861af) Importer(815301076,1909f56bfc062723c751e8b465ee728b)  -> (artifact id: 'efb41da9d2ef85775780457ea121ed2b') in 0.055501 seconds 
========================================================================
Received Import Request.
  Time since last request: 10.181762 seconds.
  path: Assets/Scenes/Level 16.unity
  artifactKey: Guid(5f06fef613b4ed24cac66486e3eda87b) Importer(815301076,1909f56bfc062723c751e8b465ee728b)
Start importing Assets/Scenes/Level 16.unity using Guid(5f06fef613b4ed24cac66486e3eda87b) Importer(815301076,1909f56bfc062723c751e8b465ee728b)  -> (artifact id: '78ebffbb5b0a093df9722f9d06bea31d') in 0.011540 seconds 
========================================================================
Received Import Request.
  Time since last request: 18.244844 seconds.
  path: Assets/Scenes/Level 17.unity
  artifactKey: Guid(bf9f2a11b2494da498b024585fd0af55) Importer(815301076,1909f56bfc062723c751e8b465ee728b)
Start importing Assets/Scenes/Level 17.unity using Guid(bf9f2a11b2494da498b024585fd0af55) Importer(815301076,1909f56bfc062723c751e8b465ee728b)  -> (artifact id: 'ad820453aa43ed43b78680a32b7d323d') in 0.063307 seconds 
========================================================================
Received Import Request.
  Time since last request: 42.953036 seconds.
  path: Assets/TilePallete/New Palette.prefab
  artifactKey: Guid(d2a32a923aa959f4c83d268c8044f773) Importer(815301076,1909f56bfc062723c751e8b465ee728b)
Start importing Assets/TilePallete/New Palette.prefab using Guid(d2a32a923aa959f4c83d268c8044f773) Importer(815301076,1909f56bfc062723c751e8b465ee728b)  -> (artifact id: '80c521866c35f52e845cbd431abd3507') in 0.192079 seconds 
========================================================================
Received Import Request.
  Time since last request: 49.098043 seconds.
  path: Assets/TilePallete/New Palette.prefab
  artifactKey: Guid(d2a32a923aa959f4c83d268c8044f773) Importer(815301076,1909f56bfc062723c751e8b465ee728b)
Start importing Assets/TilePallete/New Palette.prefab using Guid(d2a32a923aa959f4c83d268c8044f773) Importer(815301076,1909f56bfc062723c751e8b465ee728b)  -> (artifact id: '0c709cf97764810530ea7219a77c64c6') in 0.030226 seconds 
========================================================================
Received Import Request.
  Time since last request: 0.000025 seconds.
  path: Assets/TilePallete/objects_1.asset
  artifactKey: Guid(76cab8c20d2877b4eab3547c9f2a941f) Importer(815301076,1909f56bfc062723c751e8b465ee728b)
Start importing Assets/TilePallete/objects_1.asset using Guid(76cab8c20d2877b4eab3547c9f2a941f) Importer(815301076,1909f56bfc062723c751e8b465ee728b)  -> (artifact id: '493bbc30d94f04257609d14ab88506cc') in 0.026919 seconds 
========================================================================
Received Import Request.
  Time since last request: 12.467726 seconds.
  path: Assets/Scenes/Level 19.unity
  artifactKey: Guid(2714ab420a51847498990554884b6a56) Importer(815301076,1909f56bfc062723c751e8b465ee728b)
Start importing Assets/Scenes/Level 19.unity using Guid(2714ab420a51847498990554884b6a56) Importer(815301076,1909f56bfc062723c751e8b465ee728b)  -> (artifact id: 'b1caf263c5c98f739e73c425c431ccf3') in 0.141558 seconds 
========================================================================
Received Import Request.
  Time since last request: 34.127291 seconds.
  path: Assets/Scenes/Level 20.unity
  artifactKey: Guid(aa6e7e672f20f1f4e8e6d044e249024e) Importer(815301076,1909f56bfc062723c751e8b465ee728b)
Start importing Assets/Scenes/Level 20.unity using Guid(aa6e7e672f20f1f4e8e6d044e249024e) Importer(815301076,1909f56bfc062723c751e8b465ee728b)  -> (artifact id: '2f832c2c458a24e4f447d0e48287b349') in 0.041711 seconds 
========================================================================
Received Import Request.
  Time since last request: 10.400833 seconds.
  path: Assets/Scenes/Level 21.unity
  artifactKey: Guid(a674dc90023754f4db79cc5e13bfdfea) Importer(815301076,1909f56bfc062723c751e8b465ee728b)
Start importing Assets/Scenes/Level 21.unity using Guid(a674dc90023754f4db79cc5e13bfdfea) Importer(815301076,1909f56bfc062723c751e8b465ee728b)  -> (artifact id: '7ac50c317fac5f548287b315e3828a8b') in 0.139472 seconds 
========================================================================
Received Import Request.
  Time since last request: 3.153548 seconds.
  path: Assets/Scenes/Level 21.unity
  artifactKey: Guid(a674dc90023754f4db79cc5e13bfdfea) Importer(815301076,1909f56bfc062723c751e8b465ee728b)
Start importing Assets/Scenes/Level 21.unity using Guid(a674dc90023754f4db79cc5e13bfdfea) Importer(815301076,1909f56bfc062723c751e8b465ee728b)  -> (artifact id: '71135b7ba02d538375d5e92d44d3efc8') in 0.002998 seconds 
========================================================================
Received Import Request.
  Time since last request: 5.417262 seconds.
  path: Assets/Scenes/Level 22.unity
  artifactKey: Guid(ecd66ef8bad84df488334a895f8a3731) Importer(815301076,1909f56bfc062723c751e8b465ee728b)
Start importing Assets/Scenes/Level 22.unity using Guid(ecd66ef8bad84df488334a895f8a3731) Importer(815301076,1909f56bfc062723c751e8b465ee728b)  -> (artifact id: '9592919da82192df55b70cb981bc863c') in 0.049752 seconds 
========================================================================
Received Import Request.
  Time since last request: 2.942501 seconds.
  path: Assets/Scenes/Level 22.unity
  artifactKey: Guid(ecd66ef8bad84df488334a895f8a3731) Importer(815301076,1909f56bfc062723c751e8b465ee728b)
Start importing Assets/Scenes/Level 22.unity using Guid(ecd66ef8bad84df488334a895f8a3731) Importer(815301076,1909f56bfc062723c751e8b465ee728b)  -> (artifact id: '2cbe3fefceaca8c887a66bdf53887a71') in 0.003123 seconds 
========================================================================
Received Prepare
Refreshing native plugins compatible for Editor in 2.51 ms, found 4 plugins.
Preloading 0 native plugins for Editor in 0.00 ms.
Unloading 43 Unused Serialized files (Serialized files now loaded: 0)
Unloading 43 unused Assets / (1.1 MB). Loaded Objects now: 6349.
Memory consumption went from 120.8 MB to 119.7 MB.
Total: 3.587700 ms (FindLiveObjects: 0.250900 ms CreateObjectMapping: 0.093800 ms MarkObjects: 2.839300 ms  DeleteObjects: 0.402900 ms)

AssetImportParameters requested are different than current active one (requested -> active):
  custom:video-decoder-ogg-theora: a1e56fd34408186e4bbccfd4996cb3dc -> 
  custom:container-muxer-webm: aa71ff27fc2769a1b78a27578f13a17b -> 
  custom:container-demuxer-webm: 4f35f7cbe854078d1ac9338744f61a02 -> 
  custom:video-encoder-webm-vp8: eb34c28f22e8b96e1ab97ce403110664 -> 
  custom:video-codec-MediaFoundation-h265: 746d11721c4dcdbdad8f713fa42b33f4 -> 
  custom:audio-encoder-webm-vorbis: bf7c407c2cedff20999df2af8eb42d56 -> 
  custom:framework-win-MediaFoundation: 216162199b28c13a410421893ffa2e32 -> 
  custom:container-demuxer-ogg: 62fdf1f143b41e24485cea50d1cbac27 -> 
  custom:video-decoder-webm-vp8: 9c59270c3fd7afecdb556c50c9e8de78 -> 
  custom:audio-decoder-ogg-vorbis: bf7c407c2cedff20999df2af8eb42d56 -> 
